# JRE version: Java(TM) SE Runtime Environment (21.0.2+13) (build 21.0.2+13-LTS-58)
# Java VM: Java HotSpot(TM) 64-Bit Server VM (21.0.2+13-LTS-58, mixed mode, sharing, tiered, compressed oops, compressed class ptrs, g1 gc, windows-amd64)
GC Precious Log:
 CardTable entry size: 512
 Card Set container configuration: InlinePtr #cards 5 size 8 Array Of Cards #cards 12 size 40 Howl #buckets 4 coarsen threshold 1843 Howl Bitmap #cards 512 size 80 coarsen threshold 460 Card regions per heap region 1 cards per card region 2048
 CPUs: 8 total, 8 available
 Memory: 7926M
 Large Page Support: Disabled
 NUMA Support: Disabled
 Compressed Oops: Enabled (32-bit)
 Heap Region Size: 1M
 Heap Min Capacity: 8M
 Heap Initial Capacity: 124M
 Heap Max Capacity: 1982M
 Pre-touch: Disabled
 Parallel Workers: 8
 Concurrent Workers: 2
 Concurrent Refinement Workers: 8
 Periodic GC: Disabled
Heap:
 garbage-first heap   total 126976K, used 86016K [0x0000000084200000, 0x0000000100000000)
  region size 1024K, 72 young (73728K), 4 survivors (4096K)
 Metaspace       used 16933K, committed 17216K, reserved 1114112K
  class space    used 1881K, committed 1984K, reserved 1048576K
GC Heap History (10 events):
Event: 0.720 GC heap before
{Heap before GC invocations=0 (full 0):
 garbage-first heap   total 126976K, used 23552K [0x0000000084200000, 0x0000000100000000)
  region size 1024K, 23 young (23552K), 0 survivors (0K)
 Metaspace       used 5639K, committed 5824K, reserved 1114112K
  class space    used 663K, committed 768K, reserved 1048576K
}
Event: 0.730 GC heap after
{Heap after GC invocations=1 (full 0):
 garbage-first heap   total 126976K, used 4128K [0x0000000084200000, 0x0000000100000000)
  region size 1024K, 3 young (3072K), 3 survivors (3072K)
 Metaspace       used 5639K, committed 5824K, reserved 1114112K
  class space    used 663K, committed 768K, reserved 1048576K
}
Event: 1.487 GC heap before
{Heap before GC invocations=1 (full 0):
 garbage-first heap   total 126976K, used 34848K [0x0000000084200000, 0x0000000100000000)
  region size 1024K, 33 young (33792K), 3 survivors (3072K)
 Metaspace       used 9853K, committed 10048K, reserved 1114112K
  class space    used 1173K, committed 1280K, reserved 1048576K
}
Event: 1.498 GC heap after
{Heap after GC invocations=2 (full 0):
 garbage-first heap   total 126976K, used 5669K [0x0000000084200000, 0x0000000100000000)
  region size 1024K, 2 young (2048K), 2 survivors (2048K)
 Metaspace       used 9853K, committed 10048K, reserved 1114112K
  class space    used 1173K, committed 1280K, reserved 1048576K
}
Event: 7.384 GC heap before
{Heap before GC invocations=2 (full 0):
 garbage-first heap   total 126976K, used 79397K [0x0000000084200000, 0x0000000100000000)
  region size 1024K, 74 young (75776K), 2 survivors (2048K)
 Metaspace       used 16038K, committed 16320K, reserved 1114112K
  class space    used 1872K, committed 1984K, reserved 1048576K
}
Event: 7.414 GC heap after
{Heap after GC invocations=3 (full 0):
 garbage-first heap   total 126976K, used 14106K [0x0000000084200000, 0x0000000100000000)
  region size 1024K, 10 young (10240K), 10 survivors (10240K)
 Metaspace       used 16038K, committed 16320K, reserved 1114112K
  class space    used 1872K, committed 1984K, reserved 1048576K
}
Event: 9.147 GC heap before
{Heap before GC invocations=3 (full 0):
 garbage-first heap   total 126976K, used 79642K [0x0000000084200000, 0x0000000100000000)
  region size 1024K, 74 young (75776K), 10 survivors (10240K)
 Metaspace       used 16597K, committed 16832K, reserved 1114112K
  class space    used 1877K, committed 1984K, reserved 1048576K
}
Event: 9.186 GC heap after
{Heap after GC invocations=4 (full 0):
 garbage-first heap   total 126976K, used 15360K [0x0000000084200000, 0x0000000100000000)
  region size 1024K, 2 young (2048K), 2 survivors (2048K)
 Metaspace       used 16597K, committed 16832K, reserved 1114112K
  class space    used 1877K, committed 1984K, reserved 1048576K
}
Event: 13.391 GC heap before
{Heap before GC invocations=4 (full 0):
 garbage-first heap   total 126976K, used 89088K [0x0000000084200000, 0x0000000100000000)
  region size 1024K, 74 young (75776K), 2 survivors (2048K)
 Metaspace       used 16917K, committed 17152K, reserved 1114112K
  class space    used 1881K, committed 1984K, reserved 1048576K
}
Event: 13.398 GC heap after
{Heap after GC invocations=5 (full 0):
 garbage-first heap   total 126976K, used 17408K [0x0000000084200000, 0x0000000100000000)
  region size 1024K, 4 young (4096K), 4 survivors (4096K)
 Metaspace       used 16917K, committed 17152K, reserved 1114112K
  class space    used 1881K, committed 1984K, reserved 1048576K
}

